<?xml version="1.0" encoding="UTF-8"?>
<!-- Generated by org.testng.reporters.JUnitXMLReporter -->
<testsuite hostname="vadim-ПК" tests="1" failures="1" timestamp="3 Nov 2017 13:44:17 GMT" time="5.67" errors="0">
  <testcase name="verifyResponseMatchesXML" time="5.658" classname="Tests">
    <failure type="java.lang.AssertionError" message="expected [true] but found [false]">
      <![CDATA[java.lang.AssertionError: expected [true] but found [false]
	at Tests.verifyResponseMatchesXML(Tests.java:81)
... Removed 32 stack frames]]>
    </failure>
  </testcase> <!-- verifyResponseMatchesXML -->
</testsuite>
